./hidenp:1: MAJOR:C-O1
./lib/libmy.a:1: MAJOR:C-O1
./lib/my/libmy.a:1: MAJOR:C-O1
./lib/my/src/folder_into_1d_array.o:1: MAJOR:C-O1
./lib/my/src/my_compute_power_rec.o:1: MAJOR:C-O1
./lib/my/src/my_compute_square_root.o:1: MAJOR:C-O1
./lib/my/src/my_find_prime_sup.o:1: MAJOR:C-O1
./lib/my/src/my_getnbr.o:1: MAJOR:C-O1
./lib/my/src/my_is_prime.o:1: MAJOR:C-O1
./lib/my/src/my_isneg.o:1: MAJOR:C-O1
./lib/my/src/my_printf/find_next_flag.o:1: MAJOR:C-O1
./lib/my/src/my_printf/my_printf.o:1: MAJOR:C-O1
./lib/my/src/my_printf/printf_c.o:1: MAJOR:C-O1
./lib/my/src/my_printf/printf_d.o:1: MAJOR:C-O1
./lib/my/src/my_printf/printf_i.o:1: MAJOR:C-O1
./lib/my/src/my_printf/printf_o.o:1: MAJOR:C-O1
./lib/my/src/my_printf/printf_p.o:1: MAJOR:C-O1
./lib/my/src/my_printf/printf_pourcentage.o:1: MAJOR:C-O1
./lib/my/src/my_printf/printf_s.o:1: MAJOR:C-O1
./lib/my/src/my_printf/printf_u.o:1: MAJOR:C-O1
./lib/my/src/my_printf/printf_x.o:1: MAJOR:C-O1
./lib/my/src/my_printf/printf_x_up.o:1: MAJOR:C-O1
./lib/my/src/my_printf/struct.o:1: MAJOR:C-O1
./lib/my/src/my_put_nbr.o:1: MAJOR:C-O1
./lib/my/src/my_putchar.o:1: MAJOR:C-O1
./lib/my/src/my_putnbr_base.o:1: MAJOR:C-O1
./lib/my/src/my_putstr.o:1: MAJOR:C-O1
./lib/my/src/my_revstr.o:1: MAJOR:C-O1
./lib/my/src/my_showmem.o:1: MAJOR:C-O1
./lib/my/src/my_showstr.o:1: MAJOR:C-O1
./lib/my/src/my_sort_int_array.o:1: MAJOR:C-O1
./lib/my/src/my_str_isalpha.o:1: MAJOR:C-O1
./lib/my/src/my_str_islower.o:1: MAJOR:C-O1
./lib/my/src/my_str_isnum.o:1: MAJOR:C-O1
./lib/my/src/my_str_isprintable.o:1: MAJOR:C-O1
./lib/my/src/my_str_isupper.o:1: MAJOR:C-O1
./lib/my/src/my_str_to_word_array.o:1: MAJOR:C-O1
./lib/my/src/my_str_to_word_array_2.o:1: MAJOR:C-O1
./lib/my/src/my_strcapitalize.o:1: MAJOR:C-O1
./lib/my/src/my_strcat.o:1: MAJOR:C-O1
./lib/my/src/my_strcmp.o:1: MAJOR:C-O1
./lib/my/src/my_strcpy.o:1: MAJOR:C-O1
./lib/my/src/my_strlen.o:1: MAJOR:C-O1
./lib/my/src/my_strlowcase.o:1: MAJOR:C-O1
./lib/my/src/my_strncat.o:1: MAJOR:C-O1
./lib/my/src/my_strncmp.o:1: MAJOR:C-O1
./lib/my/src/my_strncpy.o:1: MAJOR:C-O1
./lib/my/src/my_strstr.o:1: MAJOR:C-O1
./lib/my/src/my_strupcase.o:1: MAJOR:C-O1
./lib/my/src/my_swap.o:1: MAJOR:C-O1
./src/hidenp.c:1: MINOR:C-G1
./src/hidenp.o:1: MAJOR:C-O1
