./lib/my/my_put_nbr.o:1: MAJOR:C-O1
./lib/my/my_putchar.o:1: MAJOR:C-O1
./lib/my/my_putnbr_base.o:1: MAJOR:C-O1
./lib/my/my_putstr.o:1: MAJOR:C-O1
./lib/my/my_strlen.o:1: MAJOR:C-O1
./libmy.a:1: MAJOR:C-O1
./my_printf/find_next_flag.o:1: MAJOR:C-O1
./my_printf/modifier_h.o:1: MAJOR:C-O1
./my_printf/modifier_hh.o:1: MAJOR:C-O1
./my_printf/modifier_l.o:1: MAJOR:C-O1
./my_printf/modifier_ll.o:1: MAJOR:C-O1
./my_printf/my_printf.o:1: MAJOR:C-O1
./my_printf/printf_c.o:1: MAJOR:C-O1
./my_printf/printf_d.o:1: MAJOR:C-O1
./my_printf/printf_i.o:1: MAJOR:C-O1
./my_printf/printf_o.o:1: MAJOR:C-O1
./my_printf/printf_p.o:1: MAJOR:C-O1
./my_printf/printf_pourcentage.o:1: MAJOR:C-O1
./my_printf/printf_s.o:1: MAJOR:C-O1
./my_printf/printf_u.o:1: MAJOR:C-O1
./my_printf/printf_x.o:1: MAJOR:C-O1
./my_printf/printf_x_up.o:1: MAJOR:C-O1
./my_printf/struct.o:1: MAJOR:C-O1
