./42sh/42sh:1: MAJOR:C-O1
./42sh/lib/libmy.a:1: MAJOR:C-O1
./42sh/lib/my/function/my_compute_power_rec.o:1: MAJOR:C-O1
./42sh/lib/my/function/my_compute_square_root.o:1: MAJOR:C-O1
./42sh/lib/my/function/my_find_prime_sup.o:1: MAJOR:C-O1
./42sh/lib/my/function/my_getnbr.o:1: MAJOR:C-O1
./42sh/lib/my/function/my_is_prime.o:1: MAJOR:C-O1
./42sh/lib/my/function/my_isneg.o:1: MAJOR:C-O1
./42sh/lib/my/function/my_put_nbr.o:1: MAJOR:C-O1
./42sh/lib/my/function/my_putchar.o:1: MAJOR:C-O1
./42sh/lib/my/function/my_puterror.o:1: MAJOR:C-O1
./42sh/lib/my/function/my_putstr.o:1: MAJOR:C-O1
./42sh/lib/my/function/my_revstr.o:1: MAJOR:C-O1
./42sh/lib/my/function/my_showmem.o:1: MAJOR:C-O1
./42sh/lib/my/function/my_showstr.o:1: MAJOR:C-O1
./42sh/lib/my/function/my_sort_int_array.o:1: MAJOR:C-O1
./42sh/lib/my/function/my_str_isalpha.o:1: MAJOR:C-O1
./42sh/lib/my/function/my_str_islower.o:1: MAJOR:C-O1
./42sh/lib/my/function/my_str_isnum.o:1: MAJOR:C-O1
./42sh/lib/my/function/my_str_isprintable.o:1: MAJOR:C-O1
./42sh/lib/my/function/my_str_isupper.o:1: MAJOR:C-O1
./42sh/lib/my/function/my_strcapitalize.o:1: MAJOR:C-O1
./42sh/lib/my/function/my_strcat.o:1: MAJOR:C-O1
./42sh/lib/my/function/my_strcmp.o:1: MAJOR:C-O1
./42sh/lib/my/function/my_strcpy.o:1: MAJOR:C-O1
./42sh/lib/my/function/my_strlen.o:1: MAJOR:C-O1
./42sh/lib/my/function/my_strlowcase.o:1: MAJOR:C-O1
./42sh/lib/my/function/my_strncat.o:1: MAJOR:C-O1
./42sh/lib/my/function/my_strncmp.o:1: MAJOR:C-O1
./42sh/lib/my/function/my_strncpy.o:1: MAJOR:C-O1
./42sh/lib/my/function/my_strstr.o:1: MAJOR:C-O1
./42sh/lib/my/function/my_strupcase.o:1: MAJOR:C-O1
./42sh/lib/my/function/my_swap.o:1: MAJOR:C-O1
./42sh/lib/my/libmy.a:1: MAJOR:C-O1
./42sh/lib/my/my_printf/count_digit.o:1: MAJOR:C-O1
./42sh/lib/my/my_printf/find_flag.o:1: MAJOR:C-O1
./42sh/lib/my/my_printf/flag_c.o:1: MAJOR:C-O1
./42sh/lib/my/my_printf/flag_d.o:1: MAJOR:C-O1
./42sh/lib/my/my_printf/flag_e.o:1: MAJOR:C-O1
./42sh/lib/my/my_printf/flag_e_maj.o:1: MAJOR:C-O1
./42sh/lib/my/my_printf/flag_f.o:1: MAJOR:C-O1
./42sh/lib/my/my_printf/flag_f_maj.o:1: MAJOR:C-O1
./42sh/lib/my/my_printf/flag_i.o:1: MAJOR:C-O1
./42sh/lib/my/my_printf/flag_n.o:1: MAJOR:C-O1
./42sh/lib/my/my_printf/flag_o.o:1: MAJOR:C-O1
./42sh/lib/my/my_printf/flag_percentage.o:1: MAJOR:C-O1
./42sh/lib/my/my_printf/flag_s.o:1: MAJOR:C-O1
./42sh/lib/my/my_printf/flag_u.o:1: MAJOR:C-O1
./42sh/lib/my/my_printf/flag_x.o:1: MAJOR:C-O1
./42sh/lib/my/my_printf/flag_x_maj.o:1: MAJOR:C-O1
./42sh/lib/my/my_printf/my_printf.o:1: MAJOR:C-O1
./42sh/lib/my/my_str_to_word_array/get_word.o:1: MAJOR:C-O1
./42sh/lib/my/my_str_to_word_array/is_alpha_num.o:1: MAJOR:C-O1
./42sh/lib/my/my_str_to_word_array/len_word.o:1: MAJOR:C-O1
./42sh/lib/my/my_str_to_word_array/my_str_to_word_array.o:1: MAJOR:C-O1
./42sh/lib/my/my_str_to_word_array/parcour_word.o:1: MAJOR:C-O1
./42sh/src/builtins/builtins.o:1: MAJOR:C-O1
./42sh/src/builtins/cd_builtin.o:1: MAJOR:C-O1
./42sh/src/builtins/env.o:1: MAJOR:C-O1
./42sh/src/builtins/pwd.o:1: MAJOR:C-O1
./42sh/src/builtins/setenv.o:1: MAJOR:C-O1
./42sh/src/builtins/unsetenv.o:1: MAJOR:C-O1
./42sh/src/exec/binary.o:1: MAJOR:C-O1
./42sh/src/exec/command.o:1: MAJOR:C-O1
./42sh/src/exec/null_command.o:1: MAJOR:C-O1
./42sh/src/main.o:1: MAJOR:C-O1
./42sh/src/shell/echo.o:1: MAJOR:C-O1
./42sh/src/shell/mysh.o:1: MAJOR:C-O1
./42sh/src/shell/prompt.o:1: MAJOR:C-O1
./42sh/src/shell/shell.c:65: MAJOR:C-O3
./42sh/src/shell/shell.o:1: MAJOR:C-O1
./42sh/src/str/all_space_or_tab.o:1: MAJOR:C-O1
./42sh/src/str/my_str_cut.o:1: MAJOR:C-O1
./42sh/src/str/my_str_isalphanum.o:1: MAJOR:C-O1
./42sh/src/str/read_terminal.o:1: MAJOR:C-O1
./42sh/src/str/replace_tab_with_space.o:1: MAJOR:C-O1
./42sh/src/tab/free_tab.o:1: MAJOR:C-O1
./42sh/src/tab/my_tablen.o:1: MAJOR:C-O1
